[    0.000000] Initializing cgroup subsys cpuset
[    0.000000] Initializing cgroup subsys cpu
[    0.000000] Initializing cgroup subsys cpuacct
[    0.000000] Linux version 4.4.0-210-generic (buildd@lgw01-amd64-009) (gcc version 5.4.0 20160609 (Ubuntu 5.4.0-6ubuntu1~16.04.12) ) #242-Ubuntu SMP Fri Apr 16 09:57:56 UTC 2021 (Ubuntu 4.4.0-210.242-generic 4.4.262)
[    0.000000] Command line: BOOT_IMAGE=/boot/vmlinuz-4.4.0-210-generic root=LABEL=cloudimg-rootfs ro console=tty1 console=ttyS0
[    0.000000] KERNEL supported cpus:
[    0.000000]   Intel GenuineIntel
[    0.000000]   AMD AuthenticAMD
[    0.000000]   Centaur CentaurHauls
[    0.000000] [Firmware Bug]: TSC doesn't count with P0 frequency!
[    0.000000] x86/fpu: Legacy x87 FPU detected.
[    0.000000] e820: BIOS-provided physical RAM map:
[    0.000000] BIOS-e820: [mem 0x0000000000000000-0x000000000009fbff] usable
[    0.000000] BIOS-e820: [mem 0x000000000009fc00-0x000000000009ffff] reserved
[    0.000000] BIOS-e820: [mem 0x00000000000f0000-0x00000000000fffff] reserved
[    0.000000] BIOS-e820: [mem 0x0000000000100000-0x000000003ffeffff] usable
[    0.000000] BIOS-e820: [mem 0x000000003fff0000-0x000000003fffffff] ACPI data
[    0.000000] BIOS-e820: [mem 0x00000000fec00000-0x00000000fec00fff] reserved
[    0.000000] BIOS-e820: [mem 0x00000000fee00000-0x00000000fee00fff] reserved
[    0.000000] BIOS-e820: [mem 0x00000000fffc0000-0x00000000ffffffff] reserved
[    0.000000] NX (Execute Disable) protection: active
[    0.000000] SMBIOS 2.5 present.
[    0.000000] Hypervisor detected: KVM
[    0.000000] Kernel/User page tables isolation: disabled
[    0.000000] AGP: No AGP bridge found
[    0.000000] e820: last_pfn = 0x3fff0 max_arch_pfn = 0x400000000
[    0.000000] MTRR: Disabled
[    0.000000] x86/PAT: MTRRs disabled, skipping PAT initialization too.
[    0.000000] CPU MTRRs all blank - virtualized system.
[    0.000000] x86/PAT: Configuration [0-7]: WB  WT  UC- UC  WB  WT  UC- UC  
[    0.000000] found SMP MP-table at [mem 0x0009fff0-0x0009ffff] mapped at [ffff88000009fff0]
[    0.000000] Scanning 1 areas for low memory corruption
[    0.000000] RAMDISK: [mem 0x362e0000-0x37167fff]
[    0.000000] ACPI: Early table checksum verification disabled
[    0.000000] ACPI: RSDP 0x00000000000E0000 000024 (v02 VBOX  )
[    0.000000] ACPI: XSDT 0x000000003FFF0030 00003C (v01 VBOX   VBOXXSDT 00000001 ASL  00000061)
[    0.000000] ACPI: FACP 0x000000003FFF00F0 0000F4 (v04 VBOX   VBOXFACP 00000001 ASL  00000061)
[    0.000000] ACPI: DSDT 0x000000003FFF0470 002325 (v02 VBOX   VBOXBIOS 00000002 INTL 20100528)
[    0.000000] ACPI: FACS 0x000000003FFF0200 000040
[    0.000000] ACPI: FACS 0x000000003FFF0200 000040
[    0.000000] ACPI: APIC 0x000000003FFF0240 00005C (v02 VBOX   VBOXAPIC 00000001 ASL  00000061)
[    0.000000] ACPI: SSDT 0x000000003FFF02A0 0001CC (v01 VBOX   VBOXCPUT 00000002 INTL 20100528)
[    0.000000] No NUMA configuration found
[    0.000000] Faking a node at [mem 0x0000000000000000-0x000000003ffeffff]
[    0.000000] NODE_DATA(0) allocated [mem 0x3ffeb000-0x3ffeffff]
[    0.000000] kvm-clock: Using msrs 4b564d01 and 4b564d00
[    0.000000] kvm-clock: cpu 0, msr 0:3ffe3001, primary cpu clock
[    0.000000] kvm-clock: using sched offset of 5765068878 cycles
[    0.000000] clocksource: kvm-clock: mask: 0xffffffffffffffff max_cycles: 0x1cd42e4dffb, max_idle_ns: 881590591483 ns
[    0.000000] Zone ranges:
[    0.000000]   DMA      [mem 0x0000000000001000-0x0000000000ffffff]
[    0.000000]   DMA32    [mem 0x0000000001000000-0x000000003ffeffff]
[    0.000000]   Normal   empty
[    0.000000]   Device   empty
[    0.000000] Movable zone start for each node
[    0.000000] Early memory node ranges
[    0.000000]   node   0: [mem 0x0000000000001000-0x000000000009efff]
[    0.000000]   node   0: [mem 0x0000000000100000-0x000000003ffeffff]
[    0.000000] Initmem setup node 0 [mem 0x0000000000001000-0x000000003ffeffff]
[    0.000000] ACPI: PM-Timer IO Port: 0x4008
[    0.000000] IOAPIC[0]: apic_id 2, version 32, address 0xfec00000, GSI 0-23
[    0.000000] ACPI: INT_SRC_OVR (bus 0 bus_irq 0 global_irq 2 dfl dfl)
[    0.000000] ACPI: INT_SRC_OVR (bus 0 bus_irq 9 global_irq 9 low level)
[    0.000000] Using ACPI (MADT) for SMP configuration information
[    0.000000] smpboot: Allowing 2 CPUs, 0 hotplug CPUs
[    0.000000] PM: Registered nosave memory: [mem 0x00000000-0x00000fff]
[    0.000000] PM: Registered nosave memory: [mem 0x0009f000-0x0009ffff]
[    0.000000] PM: Registered nosave memory: [mem 0x000a0000-0x000effff]
[    0.000000] PM: Registered nosave memory: [mem 0x000f0000-0x000fffff]
[    0.000000] e820: [mem 0x40000000-0xfebfffff] available for PCI devices
[    0.000000] Booting paravirtualized kernel on KVM
[    0.000000] clocksource: refined-jiffies: mask: 0xffffffff max_cycles: 0xffffffff, max_idle_ns: 7645519600211568 ns
[    0.000000] setup_percpu: NR_CPUS:512 nr_cpumask_bits:512 nr_cpu_ids:2 nr_node_ids:1
[    0.000000] PERCPU: Embedded 33 pages/cpu @ffff88003fc00000 s95192 r8192 d31784 u1048576
[    0.000000] Built 1 zonelists in Node order, mobility grouping on.  Total pages: 257912
[    0.000000] Policy zone: DMA32
[    0.000000] Kernel command line: BOOT_IMAGE=/boot/vmlinuz-4.4.0-210-generic root=LABEL=cloudimg-rootfs ro console=tty1 console=ttyS0
[    0.000000] PID hash table entries: 4096 (order: 3, 32768 bytes)
[    0.000000] AGP: Checking aperture...
[    0.000000] AGP: No AGP bridge found
[    0.000000] Memory: 997800K/1048120K available (8644K kernel code, 1332K rwdata, 4044K rodata, 1492K init, 1164K bss, 50320K reserved, 0K cma-reserved)
[    0.000000] SLUB: HWalign=64, Order=0-3, MinObjects=0, CPUs=2, Nodes=1
[    0.000000] Hierarchical RCU implementation.
[    0.000000] 	Build-time adjustment of leaf fanout to 64.
[    0.000000] 	RCU restricting CPUs from NR_CPUS=512 to nr_cpu_ids=2.
[    0.000000] RCU: Adjusting geometry for rcu_fanout_leaf=64, nr_cpu_ids=2
[    0.000000] NR_IRQS:33024 nr_irqs:440 16
[    0.000000] Console: colour VGA+ 80x25
[    0.000000] console [tty1] enabled
[    0.000000] console [ttyS0] enabled
[    0.000000] tsc: Detected 3314.882 MHz processor
[    1.438682] Calibrating delay loop (skipped) preset value.. 6629.76 BogoMIPS (lpj=13259528)
[    1.461338] pid_max: default: 32768 minimum: 301
[    1.472290] ACPI: Core revision 20150930
[    1.486000] ACPI: 2 ACPI AML tables successfully acquired and loaded
[    1.504194] Security Framework initialized
[    1.513623] Yama: becoming mindful.
[    1.522319] AppArmor: AppArmor initialized
[    1.533189] Dentry cache hash table entries: 131072 (order: 8, 1048576 bytes)
[    1.566173] Inode-cache hash table entries: 65536 (order: 7, 524288 bytes)
[    1.592279] Mount-cache hash table entries: 2048 (order: 2, 16384 bytes)
[    1.608524] Mountpoint-cache hash table entries: 2048 (order: 2, 16384 bytes)
[    1.629150] Initializing cgroup subsys io
[    1.639507] Initializing cgroup subsys memory
[    1.652483] Initializing cgroup subsys devices
[    1.663091] Initializing cgroup subsys freezer
[    1.675946] Initializing cgroup subsys net_cls
[    1.685445] Initializing cgroup subsys perf_event
[    1.697133] Initializing cgroup subsys net_prio
[    1.709450] Initializing cgroup subsys hugetlb
[    1.721251] Initializing cgroup subsys pids
[    1.733734] mce: CPU supports 0 MCE banks
[    1.744913] Last level iTLB entries: 4KB 512, 2MB 1024, 4MB 512
[    1.759925] Last level dTLB entries: 4KB 1024, 2MB 1024, 4MB 512, 1GB 0
[    1.775426] Spectre V1 : Mitigation: usercopy/swapgs barriers and __user pointer sanitization
[    1.800645] Spectre V2 : Spectre mitigation: LFENCE not serializing, switching to generic retpoline
[    1.823776] Spectre V2 : Mitigation: Full generic retpoline
[    1.840057] Spectre V2 : Spectre v2 / SpectreRSB mitigation: Filling RSB on context switch
[    1.859981] Speculative Store Bypass: Mitigation: Speculative Store Bypass disabled via prctl and seccomp
[    1.979215] Freeing SMP alternatives memory: 36K
[    2.210043] ftrace: allocating 32380 entries in 127 pages
[    3.706548] smpboot: APIC(0) Converting physical 0 to logical package 0
[    3.724923] smpboot: Max logical packages: 1
[    3.764086] ..TIMER: vector=0x30 apic1=0 pin1=2 apic2=-1 pin2=-1
[    3.886000] smpboot: CPU0: AMD FX(tm)-8300 Eight-Core Processor (family: 0x15, model: 0x2, stepping: 0x0)
[    3.907085] Performance Events: Broken PMU hardware detected, using software events only.
[    3.924035] Failed to access perfctr msr (MSR c0010007 is 0)
[    4.152524] KVM setup paravirtual spinlock
[    4.169323] x86: Booting SMP configuration:
[    4.177800] .... node  #0, CPUs:      #1
[    4.188416] kvm-clock: cpu 1, msr 0:3ffe3041, secondary cpu clock
[    4.199517] mce: CPU supports 0 MCE banks
[    4.206840] TSC synchronization [CPU#0 -> CPU#1]:
[    4.216205] Measured 83425 cycles TSC warp between CPUs, turning off TSC clock.
[    4.230241] tsc: Marking TSC unstable due to check_tsc_sync_source failed
[    0.957631] x86: Booted up 1 node, 2 CPUs
[    0.960004] smpboot: Total of 2 processors activated (13259.52 BogoMIPS)
[    0.972459] devtmpfs: initialized
[    0.980977] evm: security.selinux
[    0.984003] evm: security.SMACK64
[    0.988003] evm: security.SMACK64EXEC
[    0.992003] evm: security.SMACK64TRANSMUTE
[    0.996005] evm: security.SMACK64MMAP
[    1.000002] evm: security.ima
[    1.004004] evm: security.capability
[    1.013147] clocksource: jiffies: mask: 0xffffffff max_cycles: 0xffffffff, max_idle_ns: 7645041785100000 ns
[    1.056013] futex hash table entries: 512 (order: 3, 32768 bytes)
[    1.080471] pinctrl core: initialized pinctrl subsystem
[    1.088580] RTC time: 13:06:42, date: 09/29/21
[    1.093756] NET: Registered protocol family 16
[    1.108007] cpuidle: using governor ladder
[    1.128007] cpuidle: using governor menu
[    1.132010] PCCT header not found.
[    1.143564] ACPI: bus type PCI registered
[    1.144006] acpiphp: ACPI Hot Plug PCI Controller Driver version: 0.5
[    1.149190] PCI: Using configuration type 1 for base access
[    1.152002] PCI: Using configuration type 1 for extended access
[    1.180647] ACPI: Added _OSI(Module Device)
[    1.192006] ACPI: Added _OSI(Processor Device)
[    1.200003] ACPI: Added _OSI(3.0 _SCP Extensions)
[    1.212007] ACPI: Added _OSI(Processor Aggregator Device)
[    1.228805] ACPI: Executed 1 blocks of module-level executable AML code
[    1.250456] ACPI: Interpreter enabled
[    1.260014] ACPI: (supports S0 S5)
[    1.268004] ACPI: Using IOAPIC for interrupt routing
[    1.280781] PCI: Using host bridge windows from ACPI; if necessary, use "pci=nocrs" and report a bug
[    1.317363] ACPI: PCI Root Bridge [PCI0] (domain 0000 [bus 00-ff])
[    1.328008] acpi PNP0A03:00: _OSC: OS supports [ExtendedConfig ASPM ClockPM Segments MSI]
[    1.350620] acpi PNP0A03:00: _OSC: platform does not support [PCIeCapability]
[    1.365326] acpi PNP0A03:00: _OSC: not requesting control; platform does not support [PCIeCapability]
[    1.384005] acpi PNP0A03:00: _OSC: OS requested [PCIeHotplug PME AER PCIeCapability]
[    1.400005] acpi PNP0A03:00: _OSC: platform willing to grant [PCIeHotplug PME AER]
[    1.416004] acpi PNP0A03:00: _OSC failed (AE_SUPPORT); disabling ASPM
[    1.433697] PCI host bridge to bus 0000:00
[    1.444005] pci_bus 0000:00: root bus resource [io  0x0000-0x0cf7 window]
[    1.456007] pci_bus 0000:00: root bus resource [io  0x0d00-0xffff window]
[    1.508008] pci_bus 0000:00: root bus resource [mem 0x000a0000-0x000bffff window]
[    1.524005] pci_bus 0000:00: root bus resource [mem 0x40000000-0xfdffffff window]
[    1.540008] pci_bus 0000:00: root bus resource [bus 00-ff]
[    1.573007] pci 0000:00:01.1: legacy IDE quirk: reg 0x10: [io  0x01f0-0x01f7]
[    1.588004] pci 0000:00:01.1: legacy IDE quirk: reg 0x14: [io  0x03f6]
[    1.600004] pci 0000:00:01.1: legacy IDE quirk: reg 0x18: [io  0x0170-0x0177]
[    1.616008] pci 0000:00:01.1: legacy IDE quirk: reg 0x1c: [io  0x0376]
[    1.725273] pci 0000:00:07.0: quirk: [io  0x4000-0x403f] claimed by PIIX4 ACPI
[    1.756088] pci 0000:00:07.0: quirk: [io  0x4100-0x410f] claimed by PIIX4 SMB
[    1.816802] ACPI: PCI Interrupt Link [LNKA] (IRQs 5 9 10 *11)
[    1.864922] ACPI: PCI Interrupt Link [LNKB] (IRQs 5 9 *10 11)
[    1.912409] ACPI: PCI Interrupt Link [LNKC] (IRQs 5 *9 10 11)
[    1.960021] ACPI: PCI Interrupt Link [LNKD] (IRQs 5 9 10 *11)
[    2.004698] ACPI: Enabled 2 GPEs in block 00 to 07
[    2.036515] vgaarb: setting as boot device: PCI:0000:00:02.0
[    2.040000] vgaarb: device added: PCI:0000:00:02.0,decodes=io+mem,owns=io+mem,locks=none
[    2.096008] vgaarb: loaded
[    2.108003] vgaarb: bridge control possible 0000:00:02.0
[    2.132813] SCSI subsystem initialized
[    2.152682] ACPI: bus type USB registered
[    2.156075] usbcore: registered new interface driver usbfs
[    2.160016] usbcore: registered new interface driver hub
[    2.164102] usbcore: registered new device driver usb
[    2.176793] PCI: Using ACPI for IRQ routing
[    2.194112] NetLabel: Initializing
[    2.200003] NetLabel:  domain hash size = 128
[    2.212007] NetLabel:  protocols = UNLABELED CIPSOv4
[    2.224018] NetLabel:  unlabeled traffic allowed by default
[    2.236330] amd_nb: Cannot enumerate AMD northbridges
[    2.248503] clocksource: Switched to clocksource kvm-clock
[    2.346865] AppArmor: AppArmor Filesystem Enabled
[    2.357328] pnp: PnP ACPI init
[    2.367980] pnp: PnP ACPI: found 3 devices
[    2.444533] clocksource: acpi_pm: mask: 0xffffff max_cycles: 0xffffff, max_idle_ns: 2085701024 ns
[    2.462490] NET: Registered protocol family 2
[    2.473470] TCP established hash table entries: 8192 (order: 4, 65536 bytes)
[    2.488794] TCP bind hash table entries: 8192 (order: 5, 131072 bytes)
[    2.504306] TCP: Hash tables configured (established 8192 bind 8192)
[    2.518876] UDP hash table entries: 512 (order: 2, 16384 bytes)
[    2.531542] UDP-Lite hash table entries: 512 (order: 2, 16384 bytes)
[    2.545031] NET: Registered protocol family 1
[    2.554841] pci 0000:00:00.0: Limiting direct PCI/PCI transfers
[    2.567493] pci 0000:00:01.0: Activating ISA DMA hang workarounds
[    2.581590] Unpacking initramfs...
[    3.425099] Freeing initrd memory: 14880K
[    3.433835] clocksource: tsc: mask: 0xffffffffffffffff max_cycles: 0x2fc83750347, max_idle_ns: 440795343182 ns
[    3.453124] platform rtc_cmos: registered platform RTC device (no PNP device found)
[    3.468520] Scanning for low memory corruption every 60 seconds
[    3.483090] audit: initializing netlink subsys (disabled)
[    3.494344] audit: type=2000 audit(1632920808.746:1): initialized
[    3.507092] Initialise system trusted keyring
[    3.517970] HugeTLB registered 2 MB page size, pre-allocated 0 pages
[    3.537995] zbud: loaded
[    3.545325] VFS: Disk quotas dquot_6.6.0
[    3.553422] VFS: Dquot-cache hash table entries: 512 (order 0, 4096 bytes)
[    3.567717] squashfs: version 4.0 (2009/01/31) Phillip Lougher
[    3.581300] fuse init (API version 7.23)
[    3.590466] Key type big_key registered
[    3.598423] Allocating IMA MOK and blacklist keyrings.
[    3.632768] Key type asymmetric registered
[    3.642041] Asymmetric key parser 'x509' registered
[    3.652881] Block layer SCSI generic (bsg) driver version 0.4 loaded (major 249)
[    3.669510] io scheduler noop registered
[    3.677649] io scheduler deadline registered (default)
[    3.687791] io scheduler cfq registered
[    3.695743] pci_hotplug: PCI Hot Plug PCI Core version: 0.5
[    3.707678] pciehp: PCI Express Hot Plug Controller Driver version: 0.4
[    3.721325] ACPI: AC Adapter [AC] (on-line)
[    3.730281] input: Power Button as /devices/LNXSYSTM:00/LNXPWRBN:00/input/input0
[    3.745344] ACPI: Power Button [PWRF]
[    3.753386] input: Sleep Button as /devices/LNXSYSTM:00/LNXSLPBN:00/input/input1
[    3.768740] ACPI: Sleep Button [SLPF]
[    3.778708] GHES: HEST is not enabled!
[    3.788672] Serial: 8250/16550 driver, 32 ports, IRQ sharing enabled
[    3.845945] 00:02: ttyS0 at I/O 0x3f8 (irq = 4, base_baud = 115200) is a 16550A
[    3.895239] Linux agpgart interface v0.103
[    3.931968] loop: module loaded
[    3.949512] scsi host0: ata_piix
[    3.959067] scsi host1: ata_piix
[    3.967070] ata1: PATA max UDMA/33 cmd 0x1f0 ctl 0x3f6 bmdma 0xd000 irq 14
[    3.982508] ata2: PATA max UDMA/33 cmd 0x170 ctl 0x376 bmdma 0xd008 irq 15
[    3.997658] libphy: Fixed MDIO Bus: probed
[    4.007077] tun: Universal TUN/TAP device driver, 1.6
[    4.018217] tun: (C) 1999-2004 Max Krasnyansky <maxk@qualcomm.com>
[    4.033395] PPP generic driver version 2.4.2
[    4.043750] ehci_hcd: USB 2.0 'Enhanced' Host Controller (EHCI) Driver
[    4.057756] ehci-pci: EHCI PCI platform driver
[    4.067637] ehci-platform: EHCI generic platform driver
[    4.079080] ohci_hcd: USB 1.1 'Open' Host Controller (OHCI) Driver
[    4.092584] ohci-pci: OHCI PCI platform driver
[    4.102882] ohci-platform: OHCI generic platform driver
[    4.114727] uhci_hcd: USB Universal Host Controller Interface driver
[    4.128726] i8042: PNP: PS/2 Controller [PNP0303:PS2K,PNP0f03:PS2M] at 0x60,0x64 irq 1,12
[    4.154705] serio: i8042 KBD port at 0x60,0x64 irq 1
[    4.165746] serio: i8042 AUX port at 0x60,0x64 irq 12
[    4.267860] mousedev: PS/2 mouse device common for all mice
[    4.285025] input: AT Translated Set 2 keyboard as /devices/platform/i8042/serio0/input/input2
[    4.287761] rtc_cmos rtc_cmos: rtc core: registered rtc_cmos as rtc0
[    4.289155] rtc_cmos rtc_cmos: alarms up to one day, 114 bytes nvram
[    4.289165] i2c /dev entries driver
[    4.289321] device-mapper: uevent: version 1.0.3
[    4.289484] device-mapper: ioctl: 4.34.0-ioctl (2015-10-28) initialised: dm-devel@redhat.com
[    4.289505] ledtrig-cpu: registered to indicate activity on CPUs
[    4.290601] x86/pm: family 0x15 cpu detected, MSR saving is needed during suspending.
[    4.291285] NET: Registered protocol family 10
[    4.291718] NET: Registered protocol family 17
[    4.291762] Key type dns_resolver registered
[    4.292884] registered taskstats version 1
[    4.292898] Loading compiled-in X.509 certificates
[    4.293848] Loaded X.509 cert 'Build time autogenerated kernel key: cf00e047681d67edb2720680708b7d9498083038'
[    4.293869] zswap: loaded using pool lzo/zbud
[    4.297548] Key type trusted registered
[    4.307593] Key type encrypted registered
[    4.307601] AppArmor: AppArmor sha1 policy hashing enabled
[    4.307605] ima: No TPM chip found, activating TPM-bypass!
[    4.307611] ima: Allocated hash algorithm: sha1
[    4.307867] evm: HMAC attrs: 0x1
[    4.310430]   Magic number: 5:641:130
[    4.322299] rtc_cmos rtc_cmos: setting system clock to 2021-09-29 13:06:45 UTC (1632920805)
[    4.322407] BIOS EDD facility v0.16 2004-Jun-25, 0 devices found
[    4.322407] EDD information not available.
[    4.582869] Freeing unused kernel memory: 1492K
[    4.600562] Write protecting the kernel read-only data: 14336k
[    4.613706] Freeing unused kernel memory: 1584K
[    4.623269] Freeing unused kernel memory: 52K
Loading, please wait...
starting version 229
[    4.676679] random: udevadm: uninitialized urandom read (16 bytes read, 6 bits of entropy available)
[    4.676773] random: systemd-udevd: uninitialized urandom read (16 bytes read, 6 bits of entropy available)
[    4.676855] random: systemd-udevd: uninitialized urandom read (16 bytes read, 6 bits of entropy available)
[    4.676868] random: systemd-udevd: uninitialized urandom read (16 bytes read, 6 bits of entropy available)
[    4.676882] random: systemd-udevd: uninitialized urandom read (16 bytes read, 6 bits of entropy available)
[    4.768296] random: udevadm: uninitialized urandom read (16 bytes read, 6 bits of entropy available)
[    4.802959] random: systemd-udevd: uninitialized urandom read (16 bytes read, 6 bits of entropy available)
[    4.808001] random: udevadm: uninitialized urandom read (16 bytes read, 6 bits of entropy available)
[    4.808061] random: udevadm: uninitialized urandom read (16 bytes read, 6 bits of entropy available)
[    4.808767] random: udevadm: uninitialized urandom read (16 bytes read, 6 bits of entropy available)
[    4.941784] e1000: Intel(R) PRO/1000 Network Driver - version 7.3.21-k8-NAPI
[    4.955997] e1000: Copyright (c) 1999-2006 Intel Corporation.
[    4.995234] Fusion MPT base driver 3.04.20
[    4.996120] Copyright (c) 1999-2008 LSI Corporation
[    5.051600] Fusion MPT SPI Host driver 3.04.20
[    5.969717] input: ImExPS/2 Generic Explorer Mouse as /devices/platform/i8042/serio1/input/input4
[    6.005347] e1000 0000:00:03.0 eth0: (PCI:33MHz:32-bit) 02:a6:aa:55:78:b9
[    6.018325] e1000 0000:00:03.0 eth0: Intel(R) PRO/1000 Network Connection
[    6.035433] mptbase: ioc0: Initiating bringup
[    6.036060] e1000 0000:00:03.0 enp0s3: renamed from eth0
[    6.128366] ioc0: LSI53C1030 A0: Capabilities={Initiator}
[    6.329043] scsi host2: ioc0: LSI53C1030 A0, FwRev=00000000h, Ports=1, MaxQ=256, IRQ=20
[    6.458143] scsi 2:0:0:0: Direct-Access     VBOX     HARDDISK         1.0  PQ: 0 ANSI: 5
[    6.473821] scsi target2:0:0: Beginning Domain Validation
[    6.497548] scsi target2:0:0: Domain Validation skipping write tests
[    6.546743] scsi target2:0:0: Ending Domain Validation
[    6.557040] scsi target2:0:0: asynchronous
[    6.570078] scsi 2:0:1:0: Direct-Access     VBOX     HARDDISK         1.0  PQ: 0 ANSI: 5
[    6.586730] scsi target2:0:1: Beginning Domain Validation
[    6.609269] scsi target2:0:1: Domain Validation skipping write tests
[    6.621792] scsi target2:0:1: Ending Domain Validation
[    6.632284] scsi target2:0:1: asynchronous
[    6.694088] sd 2:0:0:0: Attached scsi generic sg0 type 0
[    6.694407] sd 2:0:0:0: [sda] 83886080 512-byte logical blocks: (42.9 GB/40.0 GiB)
[    6.695817] sd 2:0:0:0: [sda] Write Protect is off
[    6.696830] sd 2:0:0:0: [sda] Incomplete mode parameter data
[    6.696832] sd 2:0:0:0: [sda] Assuming drive cache: write through
[    6.702969]  sda: sda1
[    6.707852] sd 2:0:0:0: [sda] Attached SCSI disk
[    6.776560] sd 2:0:1:0: Attached scsi generic sg1 type 0
[    6.776559] sd 2:0:1:0: [sdb] 20480 512-byte logical blocks: (10.5 MB/10.0 MiB)
[    6.803567] sd 2:0:1:0: [sdb] Write Protect is off
[    6.815147] sd 2:0:1:0: [sdb] Incomplete mode parameter data
[    6.826664] sd 2:0:1:0: [sdb] Assuming drive cache: write through
[    6.854361] sd 2:0:1:0: [sdb] Attached SCSI disk
Begin: Loading essential drivers ... [    9.017581] md: linear personality registered for level -1
[    9.036264] md: multipath personality registered for level -4
[    9.054046] md: raid0 personality registered for level 0
[    9.091349] md: raid1 personality registered for level 1
[    9.885823] raid6: sse2x1   gen() 68480 MB/s
[   10.885312] raid6: sse2x1   xor() 67162 MB/s
[   11.889010] raid6: sse2x2   gen() 132125 MB/s
[   13.889108] raid6: sse2x2   xor() 99007 MB/s
[   14.953952] raid6: sse2x4   gen() 10827 MB/s
[   15.029091] raid6: sse2x4   xor()  5566 MB/s
[   15.037838] raid6: using algorithm sse2x2 gen() 132125 MB/s
[   15.048841] raid6: .... xor() 99007 MB/s, rmw enabled
[   15.058772] raid6: using ssse3x2 recovery algorithm
[   15.073302] xor: measuring software checksum speed
[   15.120801]    prefetch64-sse: 10472.000 MB/sec
[   15.168638]    generic_sse: 10525.000 MB/sec
[   15.177378] xor: using function: generic_sse (10525.000 MB/sec)
[   15.192848] async_tx: api initialized (async)
[   15.278595] md: raid6 personality registered for level 6
[   15.289415] md: raid5 personality registered for level 5
[   15.300018] md: raid4 personality registered for level 4
[   15.348303] md: raid10 personality registered for level 10
done.
Begin: Running /scripts/init-premount ... done.
Begin: Mounting root file system ... Begin: Running /scripts/local-top ... done.
Begin: Running /scripts/local-premount ... [   15.520231] Btrfs loaded
Scanning for Btrfs filesystems
done.
Warning: fsck not present, so skipping root file system
[   15.767524] EXT4-fs (sda1): mounted filesystem with ordered data mode. Opts: (null)
done.
Begin: Running /scripts/local-bottom ... done.
Begin: Running /scripts/init-bottom ... done.
[   16.132860] systemd[1]: systemd 229 running in system mode. (+PAM +AUDIT +SELINUX +IMA +APPARMOR +SMACK +SYSVINIT +UTMP +LIBCRYPTSETUP +GCRYPT +GNUTLS +ACL +XZ -LZ4 +SECCOMP +BLKID +ELFUTILS +KMOD -IDN)
[   16.167088] systemd[1]: Detected virtualization oracle.
[   16.177781] systemd[1]: Detected architecture x86-64.

Welcome to [1mUbuntu 16.04.7 LTS[0m!

[   16.208667] systemd[1]: Set hostname to <ubuntu>.
[   16.229366] systemd[1]: Initializing machine ID from random generator.
[   16.242362] systemd[1]: Installed transient /etc/machine-id file.
[   16.600328] systemd[1]: Listening on Journal Socket (/dev/log).
[[0;32m  OK  [0m] Listening on Journal Socket (/dev/log).
[   16.619627] systemd[1]: Reached target Swap.
[[0;32m  OK  [0m] Reached target Swap.
[   16.634613] systemd[1]: Listening on fsck to fsckd communication Socket.
[[0;32m  OK  [0m] Listening on fsck to fsckd communication Socket.
[   16.655969] systemd[1]: Created slice User and Session Slice.
[[0;32m  OK  [0m] Created slice User and Session Slice.
[   16.674609] systemd[1]: Listening on /dev/initctl Compatibility Named Pipe.
[[0;32m  OK  [0m] Listening on /dev/initctl Compatibility Named Pipe.
[   16.696721] systemd[1]: Listening on Journal Socket.
[[0;32m  OK  [0m] Listening on Journal Socket.
[   16.715681] systemd[1]: Set up automount Arbitrary Executable File Formats File System Automount Point.
[[0;32m  OK  [0m] Set up automount Arbitrary Executab...ats File System Automount Point.
[   16.743274] systemd[1]: Listening on Syslog Socket.
[[0;32m  OK  [0m] Listening on Syslog Socket.
[   16.759772] systemd[1]: Reached target Encrypted Volumes.
[[0;32m  OK  [0m] Reached target Encrypted Volumes.
[   16.777814] systemd[1]: Listening on LVM2 metadata daemon socket.
[[0;32m  OK  [0m] Listening on LVM2 metadata daemon socket.
[   16.797688] systemd[1]: Listening on Journal Audit Socket.
[[0;32m  OK  [0m] Listening on Journal Audit Socket.
[   16.817110] systemd[1]: Created slice System Slice.
[[0;32m  OK  [0m] Created slice System Slice.
[   16.856424] systemd[1]: Starting Create list of required static device nodes for the current kernel...
         Starting Create list of required st... nodes for the current kernel...
[   16.889250] systemd[1]: Starting Nameserver information manager...
         Starting Nameserver information manager...
[   16.912528] systemd[1]: Reached target Slices.
[[0;32m  OK  [0m] Reached target Slices.
[   16.930437] systemd[1]: Created slice system-serial\x2dgetty.slice.
[[0;32m  OK  [0m] Created slice system-serial\x2dgetty.slice.
[   16.973447] systemd[1]: Starting Uncomplicated firewall...
[   16.973928] random: nonblocking pool is initialized
         Starting Uncomplicated firewall...
[   17.005317] systemd[1]: Mounting Debug File System...
         Mounting Debug File System...
[   17.024162] systemd[1]: Mounting Huge Pages File System...
         Mounting Huge Pages File System...
[   17.042674] systemd[1]: Started Forward Password Requests to Wall Directory Watch.
[[0;32m  OK  [0m] Started Forward Password Requests to Wall Directory Watch.
[   17.068393] systemd[1]: Starting Set console keymap...
         Starting Set console keymap...
[   17.087611] systemd[1]: Reached target User and Group Name Lookups.
[[0;32m  OK  [0m] Reached target User and Group Name Lookups.
[   17.111883] systemd[1]: Mounting POSIX Message Queue File System...
         Mounting POSIX Message Queue File System...
[   17.137755] systemd[1]: Started Trigger resolvconf update for networkd DNS.
[[0;32m  OK  [0m] Started Trigger resolvconf update for networkd DNS.
[   17.184655] systemd[1]: Starting Load Kernel Modules...
         Starting Load Kernel Modules...
[   17.217075] systemd[1]: Starting Journal Service...
         [   17.235804] Loading iSCSI transport class v2.0-870.
Starting Journal Service...
[   17.250449] systemd[1]: Listening on Device-mapper event daemon FIFOs.
[[0;32m  OK  [0m] Listening on Device-mapper event daemon FIFOs.
[   17.287162] iscsi: registered transport (tcp)
[   17.294066] systemd[1]: Reached target System Time Synchronized.
[[0;32m  OK  [0m] Reached target System Time Synchronized.
[   17.326728] systemd[1]: Listening on udev Kernel Socket.
[[0;32m  OK  [0m] Listening on udev Kernel Socket.
[   17.357688] systemd[1]: Listening on LVM2 poll daemon socket.
[[0;32m  OK  [0m] Listening on LVM2 poll daemon socket.
[   17.391425] systemd[1]: Listening on udev Control Socket.
[[0;32m  OK  [0m] Listening on udev Control Socket.
[   17.456802] systemd[1]: Starting File System Check on Root Device...
         Starting File System Check on Root Device...
[   17.483263] systemd[1]: Starting Monitoring of LVM2 mirrors, snapshots etc. using dmeventd or progress polling...
         Starting Monitoring of LVM2 mirrors... dmeventd or progress polling...
[   17.531952] systemd[1]: Mounted POSIX Message Queue File System.
[   17.547968] iscsi: registered transport (iser)
[[0;32m  OK  [0m] Mounted POSIX Message Queue File System.
[   17.570077] systemd[1]: Mounted Debug File System.
[[0;32m  OK  [0m] Mounted Debug File System.
[   17.598983] systemd[1]: Mounted Huge Pages File System.
[[0;32m  OK  [0m] Mounted Huge Pages File System.
[   17.617586] systemd[1]: Started Journal Service.
[[0;32m  OK  [0m] Started Journal Service.
[[0;32m  OK  [0m] Started Create list of required sta...ce nodes for the current kernel.
[[0;32m  OK  [0m] Started Uncomplicated firewall.
[[0;32m  OK  [0m] Started Set console keymap.
[[0;32m  OK  [0m] Started Load Kernel Modules.
[[0;32m  OK  [0m] Started File System Check on Root Device.
[[0;32m  OK  [0m] Started Nameserver information manager.
[[0;32m  OK  [0m] Started LVM2 metadata daemon.
[[0;32m  OK  [0m] Started File System Check Daemon to report status.
         Starting Remount Root and Kernel File Systems...
         Mounting FUSE Control File System...
[   17.798424] EXT4-fs (sda1): re-mounted. Opts: (null)
         Starting Apply Kernel Variables...
         Starting Create Static Device Nodes in /dev...
[[0;32m  OK  [0m] Mounted FUSE Control File System.
[[0;32m  OK  [0m] Started Remount Root and Kernel File Systems.
[[0;32m  OK  [0m] Started Apply Kernel Variables.
[[0;32m  OK  [0m] Started Create Static Device Nodes in /dev.
         Starting udev Kernel Device Manager...
         Starting Load/Save Random Seed...
         Starting Flush Journal to Persistent Storage...
         Starting udev Coldplug all Devices...
[[0;32m  OK  [0m] Started Load/Save Random Seed.
[[0;32m  OK  [0m] Started Flush Journal to Persistent Storage.
[[0;32m  OK  [0m] Started udev Kernel Device Manager.
[[0;32m  OK  [0m] Started Monitoring of LVM2 mirrors,...ng dmeventd or progress polling.
[[0;32m  OK  [0m] Reached target Local File Systems (Pre).
[[0;32m  OK  [0m] Reached target Local File Systems.
         Starting LSB: AppArmor initialization...
         Starting Commit a transient machine-id on disk...
         Starting Tell Plymouth To Write Out Runtime Data...
         Starting Create Volatile Files and Directories...
         Starting Initial cloud-init job (pre-networking)...
         Starting Set console font and keymap...
[[0;32m  OK  [0m] Started udev Coldplug all Devices.
[[0;32m  OK  [0m] Started Commit a transient machine-id on disk.
[[0;32m  OK  [0m] Started Tell Plymouth To Write Out Runtime Data.
[[0;32m  OK  [0m] Started Create Volatile Files and Directories.
         Starting Update UTMP about System Boot/Shutdown...
[[0;32m  OK  [0m] Started Dispatch Password Requests to Console Directory Watch.
[[0;32m  OK  [0m] Started Update UTMP about System Boot/Shutdown.
[[0;32m  OK  [0m] Found device /dev/ttyS0.
[[0;32m  OK  [0m] Listening on Load/Save RF Kill Switch Status /dev/rfkill Watch.
[[0;32m  OK  [0m] Started LSB: AppArmor initialization.
         Starting Load AppArmor profiles managed internally by snapd...
[   21.593595] cloud-init[500]: Cloud-init v. 21.1-19-gbad84ad4-0ubuntu1~16.04.2 running 'init-local' at Wed, 29 Sep 2021 13:07:02 +0000. Up 21.07 seconds.
[[0;32m  OK  [0m] Started Load AppArmor profiles managed internally by snapd.
[[0;32m  OK  [0m] Started Initial cloud-init job (pre-networking).
[[0;32m  OK  [0m] Reached target Network (Pre).
         Starting Raise network interfaces...
[[0;32m  OK  [0m] Started Set console font and keymap.
[[0;32m  OK  [0m] Created slice system-getty.slice.
[[0;32m  OK  [0m] Started Raise network interfaces.
[[0;32m  OK  [0m] Reached target Network.
         Starting Initial cloud-init job (metadata service crawler)...
[   25.746844] cloud-init[939]: Cloud-init v. 21.1-19-gbad84ad4-0ubuntu1~16.04.2 running 'init' at Wed, 29 Sep 2021 13:07:05 +0000. Up 23.86 seconds.
[   25.766470] cloud-init[939]: ci-info: ++++++++++++++++++++++++++++++++++++++Net device info++++++++++++++++++++++++++++++++++++++
[   25.785986] cloud-init[939]: ci-info: +--------+------+----------------------------+---------------+--------+-------------------+
[[   25.818998] cloud-init[939]: ci-info: | Device |  Up  |          Address           |      Mask     | Scope  |     Hw-Address    |
[   25.823138] cloud-init[939]: ci-info: +--------+------+----------------------------+---------------+--------+-------------------+
[   25.825152] cloud-init[939]: ci-info: | enp0s3 | True |         10.0.2.15          | 255.255.255.0 | global | 02:a6:aa:55:78:b9 |
[   25.826032] cloud-init[939]: ci-info: | enp0s3 | True | fe80::a6:aaff:fe55:78b9/64 |       .       |  link  | 02:a6:aa:55:78:b9 |
[   25.826951] cloud-init[939]: ci-info: |   lo   | True |         127.0.0.1          |   255.0.0.0   |  host  |         .         |
[   25.827848] cloud-init[939]: ci-info: |   lo   | True |          ::1/128           |       .       |  host  |         .         |
[   25.829697] cloud-init[939]: ci-info: +--------+------+----------------------------+---------------+--------+-------------------+
[   25.830644] cloud-init[939]: ci-info: +++++++++++++++++++++++++++Route IPv4 info++++++++++++++++++++++++++++
[   25.831559] cloud-init[939]: ci-info: +-------+-------------+----------+---------------+-----------+-------+
[   25.833420] cloud-init[939]: ci-info: | Route | Destination | Gateway  |    Genmask    | Interface | Flags |
[   25.834395] cloud-init[939]: ci-info: +-------+-------------+----------+---------------+-----------+-------+
[   25.835379] cloud-init[939]: ci-info: |   0   |   0.0.0.0   | 10.0.2.2 |    0.0.0.0    |   enp0s3  |   UG  |
[   25.837437] cloud-init[939]: ci-info: |   1   |   10.0.2.0  | 0.0.0.0  | 255.255.255.0 |   enp0s3  |   U   |
[   25.838441] cloud-init[939]: ci-info: +-------+-------------+----------+---------------+-----------+-------+
[   25.839289] cloud-init[939]: ci-info: +++++++++++++++++++Route IPv6 info+++++++++++++++++++
[   25.841235] cloud-init[939]: ci-info: +-------+-------------+---------+-----------+-------+
[   25.842110] cloud-init[939]: ci-info: | Route | Destination | Gateway | Interface | Flags |
[   25.842999] cloud-init[939]: ci-info: +-------+-------------+---------+-----------+-------+
[   25.844011] cloud-init[939]: ci-info: |   0   |  fe80::/64  |    ::   |   enp0s3  |   U   |
[   25.845923] cloud-init[939]: ci-info: |   3   |   ff00::/8  |    ::   |   enp0s3  |   U   |
[   25.847005] cloud-init[939]: ci-info: +-------+-------------+---------+-----------+-------+
[   25.847977] cloud-init[939]: Generating public/private rsa key pair.
[   25.850016] cloud-init[939]: Your identification has been saved in /etc/ssh/ssh_host_rsa_key.
[   25.850927] cloud-init[939]: Your public key has been saved in /etc/ssh/ssh_host_rsa_key.pub.
[   25.851855] cloud-init[939]: The key fingerprint is:
[   25.853816] cloud-init[939]: SHA256:OVGZ1OhP8QLoDGO0pCe6ygtj6jo5qldEOpUJoOAzVGU root@ubuntu-xenial
[   25.854984] cloud-init[939]: The key's randomart image is:
[   25.855962] cloud-init[939]: +---[RSA 2048]----+
[   25.857945] cloud-init[939]: |oooo.Eo  oo=     |
[   25.858976] cloud-init[939]: |=   *o+...= o    |
[   25.859838] cloud-init[939]: |.+ +o.o=.. . o   |
[   25.861872] cloud-init[939]: |  =..o  oo. o .  |
[   25.863054] cloud-init[939]: |  .o    S  o .   |
[   25.864049] cloud-init[939]: |   ..    .  .    |
[   25.866362] cloud-init[939]: |oo..             |
[   25.867436] cloud-init[939]: |Oo.              |
[   25.869631] cloud-init[939]: |@B.              |
[   25.870603] cloud-init[939]: +----[SHA256]-----+
[   25.871702] cloud-init[939]: Generating public/private dsa key pair.
[   25.873633] cloud-init[939]: Your identification has been saved in /etc/ssh/ssh_host_dsa_key.
[   25.874520] cloud-init[939]: Your public key has been saved in /etc/ssh/ssh_host_dsa_key.pub.
[   25.875450] cloud-init[939]: The key fingerprint is:
[   25.877667] cloud-init[939]: SHA256:kZga5oBzzZa6w080MqaXVsGlychBdUOw6E6xmKyMgIM root@ubuntu-xenial
[   25.878731] cloud-init[939]: The key's randomart image is:
[   25.879676] cloud-init[939]: +---[DSA 1024]----+
[   25.881595] cloud-init[939]: | .o.oo=          |
[   25.882545] cloud-init[939]: | o O B + .       |
[   25.883480] cloud-init[939]: |o B # o o        |
[   25.885593] cloud-init[939]: |+* O +   .       |
[   25.887083] cloud-init[939]: |E.O *   S        |
[   25.889311] cloud-init[939]: |=B B .           |
[   25.890249] cloud-init[939]: |+.O .            |
[   25.891220] cloud-init[939]: | o +             |
[   25.892369] cloud-init[939]: |    .            |
[   25.893089] cloud-init[939]: +----[SHA256]-----+
[   25.894167] cloud-init[939]: Generating public/private ecdsa key pair.
[   25.895154] cloud-init[939]: Your identification has been saved in /etc/ssh/ssh_host_ecdsa_key.
[   25.897171] cloud-init[939]: Your public key has been saved in /etc/ssh/ssh_host_ecdsa_key.pub.
[   25.898198] cloud-init[939]: The key fingerprint is:
[   25.899084] cloud-init[939]: SHA256:PNHLGI8TeJZ3xtEK8LwkonDwa3XsnU7OYDSVwDzt14k root@ubuntu-xenial
[   25.899982] cloud-init[939]: The key's randomart image is:
[   25.902030] cloud-init[939]: +---[ECDSA 256]---+
[   25.903430] cloud-init[939]: |  .    oo+....   |
[   25.905727] cloud-init[939]: |   o   o+*+. ..  |
[   25.906727] cloud-init[939]: |  . o + &o*.++ . |
[   25.907724] cloud-init[939]: |   o + O #.*E o  |
[   25.909841] cloud-init[939]: |    +   S O.     |
[   25.910861] cloud-init[939]: |   .   . O       |
[   25.911859] cloud-init[939]: |          +      |
[   25.913994] cloud-init[939]: |                 |
[   25.915154] cloud-init[939]: |                 |
[   26.142728] cloud-init[939]: +----[SHA256]-----+
[   26.143491] cloud-init[939]: Generating public/private ed25519 key pair.
[   26.145674] cloud-init[939]: Your identification has been saved in /etc/ssh/ssh_host_ed25519_key.
[   26.146661] cloud-init[939]: Your public key has been saved in /etc/ssh/ssh_host_ed25519_key.pub.
[   26.147542] cloud-init[939]: The key fingerprint is:
[   26.149346] cloud-init[939]: SHA256:NkSwa1yTFZFk9FAZfEkDcIWUnD5/kBv606MhZ+gOlig root@ubuntu-xenial
[   26.150268] cloud-init[939]: The key's randomart image is:
[   26.151159] cloud-init[939]: +--[ED25519 256]--+
[   26.152058] cloud-init[939]: |      ...oXX*X+. |
[   26.153977] cloud-init[939]: |       o +.+B o. |
[   26.154837] cloud-init[939]: |      . =  ... . |
[   26.155774] cloud-init[939]: |     . + .  o +  |
[   26.157779] cloud-init[939]: |      + S    + + |
[   26.158759] cloud-init[939]: |     . .... o o .|
[   26.159701] cloud-init[939]: |     E . + o = o |
[   26.161598] cloud-init[939]: |      . . o + +..|
[   26.162693] cloud-init[939]: |          .o ....|
[   26.163407] cloud-init[939]: +----[SHA256]-----+
[0;32m  OK  [0m] Started Initial cloud-init job (metadata service crawler).
[[0;32m  OK  [0m] Reached target Network is Online.
         Starting iSCSI initiator daemon (iscsid)...
[[0;32m  OK  [0m] Reached target System Initialization.
[[0;32m  OK  [0m] Listening on D-Bus System Message Bus Socket.
[[0;32m  OK  [0m] Started ACPI Events Check.
[[0;32m  OK  [0m] Reached target Paths.
[[0;32m  OK  [0m] Started Ubuntu Advantage update messaging.
         Starting Socket activation for snappy daemon.
[[0;32m  OK  [0m] Listening on ACPID Listen Socket.
[[0;32m  OK  [0m] Started Message of the Day.
[[0;32m  OK  [0m] Started Daily Cleanup of Temporary Directories.
[[0;32m  OK  [0m] Listening on UUID daemon activation socket.
         Starting LXD - unix socket.
[[0;32m  OK  [0m] Started Daily apt download activities.
[[0;32m  OK  [0m] Started Daily apt upgrade and clean activities.
[[0;32m  OK  [0m] Reached target Timers.
[[0;32m  OK  [0m] Reached target Cloud-config availability.
[[0;32m  OK  [0m] Listening on Socket activation for snappy daemon.
[[0;32m  OK  [0m] Listening on LXD - unix socket.
[[0;32m  OK  [0m] Started iSCSI initiator daemon (iscsid).
         Starting Login to default iSCSI targets...
[[0;32m  OK  [0m] Reached target Sockets.
[[0;32m  OK  [0m] Reached target Basic System.
         Starting Accounts Service...
[[0;32m  OK  [0m] Started Deferred execution scheduler.
         Starting Virtualbox guest utils...
         Starting Pollinate to seed the pseudo random number generator...
         Starting System Logging Service...
         Starting LSB: Record successful boot for GRUB...
[[0;32m  OK  [0m] Started Regular background program processing daemon.
[[0;32m  OK  [0m] Started FUSE filesystem for LXC.
         Starting LSB: MD monitoring daemon...
         Starting LXD - container startup/shutdown...
         Starting /etc/rc.local Compatibility...
[[0;32m  OK  [0m] Started ACPI event daemon.
[[0;32m  OK  [0m] Started D-Bus System Message Bus.
         Starting Login Service...
         Starting Snap Daemon...
[[0;32m  OK  [0m] Started System Logging Service.
[[0;32m  OK  [0m] Started /etc/rc.local Compatibility.
         Starting Authenticate and Authorize Users to Run Privileged Tasks...
[[0;32m  OK  [0m] Started Login Service.
[[0;32m  OK  [0m] Started Unattended Upgrades Shutdown.
[[0;32m  OK  [0m] Started Login to default iSCSI targets.
[[0;32m  OK  [0m] Reached target Remote File Systems (Pre).
[[0;32m  OK  [0m] Reached target Remote File Systems.
         Starting LSB: automatic crash report generation...
         Starting LSB: Set the CPU Frequency Scaling governor to "ondemand"...
         Starting LSB: daemon to balance interrupts for SMP systems...
         Starting Permit User Sessions...
[[0;32m  OK  [0m] Started LSB: Record successful boot for GRUB.
[[0;32m  OK  [0m] Started LXD - container startup/shutdown.
[[0;32m  OK  [0m] Started Permit User Sessions.
[[0;32m  OK  [0m] Started LSB: MD monitoring daemon.
[[0;32m  OK  [0m] Started Authenticate and Authorize Users to Run Privileged Tasks.
[[0;32m  OK  [0m] Started Accounts Service.
         Starting Terminate Plymouth Boot Screen...
         Starting Hold until boot process finishes up...
[[0;32m  OK  [0m] Started Virtualbox guest utils.
[[0;32m  OK  [0m] Started LSB: automatic crash report generation.
[[0;32m  OK  [0m] Started LSB: Set the CPU Frequency Scaling governor to "ondemand".
[[0;32m  OK  [0m] Started LSB: daemon to balance interrupts for SMP systems.
[[0;32m  OK  [0m] Started Terminate Plymouth Boot Screen.
[[0;32m  OK  [0m] Started Hold until boot process finishes up.
[[0;32m  OK  [0m] Started Getty on tty1.
         Starting Set console scheme...
[[0;32m  OK  [0m] Started Serial Getty on ttyS0.
[[0;32m  OK  [0m] Reached target Login Prompts.
[[0;32m  OK  [0m] Started Set console scheme.
[[0;32m  OK  [0m] Started Pollinate to seed the pseudo random number generator.
         Starting OpenBSD Secure Shell server...
[[0;32m  OK  [0m] Started OpenBSD Secure Shell server.
[[0;32m  OK  [0m] Started Snap Daemon.
         Starting Wait until snapd is fully seeded...
[[0;32m  OK  [0m] Created slice User Slice of vagrant.
         Starting User Manager for UID 1000...
[[0;32m  OK  [0m] Started Session 1 of user vagrant.
[[0;32m  OK  [0m] Started User Manager for UID 1000.
[[0;32m  OK  [0m] Started Wait until snapd is fully seeded.
[[0;32m  OK  [0m] Reached target Multi-User System.
[[0;32m  OK  [0m] Reached target Graphical Interface.
         Starting Update UTMP about System Runlevel Changes...
         Starting Apply the settings specified in cloud-config...
[[0;32m  OK  [0m] Started Update UTMP about System Runlevel Changes.
[   32.069339] cloud-init[1364]: Generating locales (this might take a while)...
[   34.315135] cloud-init[1364]:   en_US.UTF-8... done
[   34.330564] 
Ubuntu 16.04.7 LTS ubuntu-xenial ttyS0

cloud-init[1364]: Generation complete.
ubuntu-xenial login: [   35.000219] cloud-init[1364]: Cloud-init v. 21.1-19-gbad84ad4-0ubuntu1~16.04.2 running 'modules:config' at Wed, 29 Sep 2021 13:07:12 +0000. Up 31.66 seconds.
ci-info: no authorized SSH keys fingerprints found for user ubuntu.
<14>Sep 29 13:07:17 ec2: 
<14>Sep 29 13:07:17 ec2: #############################################################
<14>Sep 29 13:07:17 ec2: -----BEGIN SSH HOST KEY FINGERPRINTS-----
<14>Sep 29 13:07:17 ec2: 1024 SHA256:kZga5oBzzZa6w080MqaXVsGlychBdUOw6E6xmKyMgIM root@ubuntu-xenial (DSA)
<14>Sep 29 13:07:17 ec2: 256 SHA256:PNHLGI8TeJZ3xtEK8LwkonDwa3XsnU7OYDSVwDzt14k root@ubuntu-xenial (ECDSA)
<14>Sep 29 13:07:17 ec2: 256 SHA256:NkSwa1yTFZFk9FAZfEkDcIWUnD5/kBv606MhZ+gOlig root@ubuntu-xenial (ED25519)
<14>Sep 29 13:07:17 ec2: 2048 SHA256:OVGZ1OhP8QLoDGO0pCe6ygtj6jo5qldEOpUJoOAzVGU root@ubuntu-xenial (RSA)
<14>Sep 29 13:07:17 ec2: -----END SSH HOST KEY FINGERPRINTS-----
<14>Sep 29 13:07:17 ec2: #############################################################
-----BEGIN SSH HOST KEY KEYS-----
ecdsa-sha2-nistp256 AAAAE2VjZHNhLXNoYTItbmlzdHAyNTYAAAAIbmlzdHAyNTYAAABBBF5bLSyMCgz8TSoTFTXRLe/oXtFjCydb1Qks3aiJzwrV1dYnYW1Ze1f+irjyhmjggyxC9vyy0KXyX6UYZGTXZT0= root@ubuntu-xenial
ssh-ed25519 AAAAC3NzaC1lZDI1NTE5AAAAIOS2hp6Egl9GZsV+2XZKzalHrV8p7ZVrMAs7u+d7Ja1c root@ubuntu-xenial
ssh-rsa AAAAB3NzaC1yc2EAAAADAQABAAABAQDm9b57kLrGqB9iRLvL4TUx0o2bWVJmBXW/9P1C/pSJPcXBICn9K+XyE0JFcY3fVG5IFQjPwgne31BQGYW30Uvm6qmygZUk6lQpoxDmm/aCZORIJ4JA1T2R14/X4yS0Emna45n6CVlfuN0+1Wpl2xlJbcMILG2XVDir250n7tx8N/O2WMV7ptGr+LnJIX3kSd+HbP7GVnWbKW/npVOLNyJCN1ILj492K0ED4RTEAm/mpnxikOQGGeP8ueC5Ax1IG6BrRn8FNBpBMcZ3Ne7X01jXYVq8G43vFbPI2KxhgBh5gfxAbSRmtp9T4MNhEiPphidNUyS4HvXr7vuJNwHjF4ZF root@ubuntu-xenial
-----END SSH HOST KEY KEYS-----
[   36.069439] cloud-init[1553]: Cloud-init v. 21.1-19-gbad84ad4-0ubuntu1~16.04.2 running 'modules:final' at Wed, 29 Sep 2021 13:07:16 +0000. Up 35.49 seconds.
[   36.086776] cloud-init[1553]: ci-info: no authorized SSH keys fingerprints found for user ubuntu.
[   36.101920] cloud-init[1553]: Cloud-init v. 21.1-19-gbad84ad4-0ubuntu1~16.04.2 finished at Wed, 29 Sep 2021 13:07:17 +0000. Datasource DataSourceNoCloud [seed=/dev/sdb][dsmode=net].  Up 36.05 seconds
